
  .   ____          _            __ _ _
 /\\ / ___'_ __ _ _(_)_ __  __ _ \ \ \ \
( ( )\___ | '_ | '_| | '_ \/ _` | \ \ \ \
 \\/  ___)| |_)| | | | | || (_| |  ) ) ) )
  '  |____| .__|_| |_|_| |_\__, | / / / /
 =========|_|==============|___/=/_/_/_/

 :: Spring Boot ::                (v3.5.7)

2026-06-11T23:41:28.990+05:30  INFO 13784 --- [backend-api-development] [           main] c.e.backendapi.BackendApiApplication     : Starting BackendApiApplication v1.0.0 using Java 24 with PID 13784 (C:\Users\DELL\IdeaProjects\BackendAPIDevelopment\target\backend-api-development-1.0.0.jar started by DELL in C:\Users\DELL\IdeaProjects\BackendAPIDevelopment)
2026-06-11T23:41:28.994+05:30  INFO 13784 --- [backend-api-development] [           main] c.e.backendapi.BackendApiApplication     : No active profile set, falling back to 1 default profile: "default"
2026-06-11T23:41:30.711+05:30  INFO 13784 --- [backend-api-development] [           main] .s.d.r.c.RepositoryConfigurationDelegate : Bootstrapping Spring Data JPA repositories in DEFAULT mode.
2026-06-11T23:41:30.810+05:30  INFO 13784 --- [backend-api-development] [           main] .s.d.r.c.RepositoryConfigurationDelegate : Finished Spring Data repository scanning in 82 ms. Found 2 JPA repository interfaces.
2026-06-11T23:41:31.786+05:30  INFO 13784 --- [backend-api-development] [           main] o.s.b.w.embedded.tomcat.TomcatWebServer  : Tomcat initialized with port 8080 (http)
2026-06-11T23:41:31.821+05:30  INFO 13784 --- [backend-api-development] [           main] o.apache.catalina.core.StandardService   : Starting service [Tomcat]
2026-06-11T23:41:31.822+05:30  INFO 13784 --- [backend-api-development] [           main] o.apache.catalina.core.StandardEngine    : Starting Servlet engine: [Apache Tomcat/10.1.48]
2026-06-11T23:41:31.878+05:30  INFO 13784 --- [backend-api-development] [           main] o.a.c.c.C.[Tomcat].[localhost].[/]       : Initializing Spring embedded WebApplicationContext
2026-06-11T23:41:31.880+05:30  INFO 13784 --- [backend-api-development] [           main] w.s.c.ServletWebServerApplicationContext : Root WebApplicationContext: initialization completed in 2810 ms
2026-06-11T23:41:32.742+05:30  INFO 13784 --- [backend-api-development] [           main] com.zaxxer.hikari.HikariDataSource       : HikariPool-1 - Starting...
2026-06-11T23:41:33.044+05:30  INFO 13784 --- [backend-api-development] [           main] com.zaxxer.hikari.pool.HikariPool        : HikariPool-1 - Added connection com.mysql.cj.jdbc.ConnectionImpl@754de353
2026-06-11T23:41:33.047+05:30  INFO 13784 --- [backend-api-development] [           main] com.zaxxer.hikari.HikariDataSource       : HikariPool-1 - Start completed.
2026-06-11T23:41:33.150+05:30  INFO 13784 --- [backend-api-development] [           main] org.flywaydb.core.FlywayExecutor         : Database: jdbc:mysql://localhost:3306/crud_api?createDatabaseIfNotExist=true&useSSL=false&allowPublicKeyRetrieval=true&serverTimezone=UTC (MySQL 8.0)
2026-06-11T23:41:33.306+05:30  INFO 13784 --- [backend-api-development] [           main] o.f.core.internal.command.DbValidate     : Successfully validated 3 migrations (execution time 00:00.069s)
2026-06-11T23:41:33.336+05:30  INFO 13784 --- [backend-api-development] [           main] o.f.core.internal.command.DbMigrate      : Current version of schema `crud_api`: 2
2026-06-11T23:41:33.366+05:30  INFO 13784 --- [backend-api-development] [           main] o.f.core.internal.command.DbMigrate      : Migrating schema `crud_api` to version "3 - create api logs table"
2026-06-11T23:41:33.964+05:30  INFO 13784 --- [backend-api-development] [           main] o.f.core.internal.command.DbMigrate      : Successfully applied 1 migration to schema `crud_api`, now at version v3 (execution time 00:00.561s)
2026-06-11T23:41:34.130+05:30  INFO 13784 --- [backend-api-development] [           main] o.hibernate.jpa.internal.util.LogHelper  : HHH000204: Processing PersistenceUnitInfo [name: default]
2026-06-11T23:41:34.250+05:30  INFO 13784 --- [backend-api-development] [           main] org.hibernate.Version                    : HHH000412: Hibernate ORM core version 6.6.33.Final
2026-06-11T23:41:34.334+05:30  INFO 13784 --- [backend-api-development] [           main] o.h.c.internal.RegionFactoryInitiator    : HHH000026: Second-level cache disabled
2026-06-11T23:41:34.896+05:30  INFO 13784 --- [backend-api-development] [           main] o.s.o.j.p.SpringPersistenceUnitInfo      : No LoadTimeWeaver setup: ignoring JPA class transformer
2026-06-11T23:41:34.998+05:30  INFO 13784 --- [backend-api-development] [           main] org.hibernate.orm.connections.pooling    : HHH10001005: Database info:
	Database JDBC URL [Connecting through datasource 'HikariDataSource (HikariPool-1)']
	Database driver: undefined/unknown
	Database version: 8.0.42
	Autocommit mode: undefined/unknown
	Isolation level: undefined/unknown
	Minimum pool size: undefined/unknown
	Maximum pool size: undefined/unknown
2026-06-11T23:41:35.992+05:30  INFO 13784 --- [backend-api-development] [           main] o.h.e.t.j.p.i.JtaPlatformInitiator       : HHH000489: No JTA platform available (set 'hibernate.transaction.jta.platform' to enable JTA platform integration)
2026-06-11T23:41:36.036+05:30  INFO 13784 --- [backend-api-development] [           main] j.LocalContainerEntityManagerFactoryBean : Initialized JPA EntityManagerFactory for persistence unit 'default'
2026-06-11T23:41:36.760+05:30  INFO 13784 --- [backend-api-development] [           main] r$InitializeUserDetailsManagerConfigurer : Global AuthenticationManager configured with UserDetailsService bean with name userService
2026-06-11T23:41:37.629+05:30  INFO 13784 --- [backend-api-development] [           main] o.s.b.a.e.web.EndpointLinksResolver      : Exposing 2 endpoints beneath base path '/actuator'
2026-06-11T23:41:38.565+05:30  INFO 13784 --- [backend-api-development] [           main] o.s.b.w.embedded.tomcat.TomcatWebServer  : Tomcat started on port 8080 (http) with context path '/'
2026-06-11T23:41:38.607+05:30  INFO 13784 --- [backend-api-development] [           main] c.e.backendapi.BackendApiApplication     : Started BackendApiApplication in 10.31 seconds (process running for 10.989)
2026-06-11T23:41:51.903+05:30  INFO 13784 --- [backend-api-development] [nio-8080-exec-1] o.a.c.c.C.[Tomcat].[localhost].[/]       : Initializing Spring DispatcherServlet 'dispatcherServlet'
2026-06-11T23:41:51.904+05:30  INFO 13784 --- [backend-api-development] [nio-8080-exec-1] o.s.web.servlet.DispatcherServlet        : Initializing Servlet 'dispatcherServlet'
2026-06-11T23:41:51.906+05:30  INFO 13784 --- [backend-api-development] [nio-8080-exec-1] o.s.web.servlet.DispatcherServlet        : Completed initialization in 1 ms
2026-06-11T23:42:33.072+05:30  WARN 13784 --- [backend-api-development] [nio-8080-exec-8] ration$PageModule$WarningLoggingModifier : Serializing PageImpl instances as-is is not supported, meaning that there is no guarantee about the stability of the resulting JSON structure!
	For a stable JSON structure, please use Spring Data's PagedModel (globally via @EnableSpringDataWebSupport(pageSerializationMode = VIA_DTO))
	or Spring HATEOAS and Spring Data's PagedResourcesAssembler as documented in https://docs.spring.io/spring-data/commons/reference/repositories/core-extensions.html#core.web.pageables.

