Starting backend on http://localhost:8080
Logs will print in this console. Press Ctrl+C to stop.
[INFO] Scanning for projects...
[INFO] 
[INFO] ----------------< com.example:backend-api-development >-----------------
[INFO] Building backend-api-development 1.0.0
[INFO]   from pom.xml
[INFO] --------------------------------[ jar ]---------------------------------
[INFO] 
[INFO] >>> spring-boot:3.5.7:run (default-cli) > test-compile @ backend-api-development >>>
[INFO] 
[INFO] --- resources:3.3.1:resources (default-resources) @ backend-api-development ---
[INFO] Copying 1 resource from src\main\resources to target\classes
[INFO] Copying 4 resources from src\main\resources to target\classes
[INFO] 
[INFO] --- compiler:3.14.1:compile (default-compile) @ backend-api-development ---
[INFO] Nothing to compile - all classes are up to date.
[INFO] 
[INFO] --- resources:3.3.1:testResources (default-testResources) @ backend-api-development ---
[INFO] skip non existing resourceDirectory C:\Users\DELL\IdeaProjects\BackendAPIDevelopment\src\test\resources
[INFO] 
[INFO] --- compiler:3.14.1:testCompile (default-testCompile) @ backend-api-development ---
[INFO] Nothing to compile - all classes are up to date.
[INFO] 
[INFO] <<< spring-boot:3.5.7:run (default-cli) < test-compile @ backend-api-development <<<
[INFO] 
[INFO] 
[INFO] --- spring-boot:3.5.7:run (default-cli) @ backend-api-development ---
[INFO] Attaching agents: []

  .   ____          _            __ _ _
 /\\ / ___'_ __ _ _(_)_ __  __ _ \ \ \ \
( ( )\___ | '_ | '_| | '_ \/ _` | \ \ \ \
 \\/  ___)| |_)| | | | | || (_| |  ) ) ) )
  '  |____| .__|_| |_|_| |_\__, | / / / /
 =========|_|==============|___/=/_/_/_/

 :: Spring Boot ::                (v3.5.7)

2026-06-17T23:54:09.961+05:30  INFO 19936 --- [backend-api-development] [           main] c.e.backendapi.BackendApiApplication     : Starting BackendApiApplication using Java 24 with PID 19936 (C:\Users\DELL\IdeaProjects\BackendAPIDevelopment\target\classes started by DELL in C:\Users\DELL\IdeaProjects\BackendAPIDevelopment)
2026-06-17T23:54:09.967+05:30  INFO 19936 --- [backend-api-development] [           main] c.e.backendapi.BackendApiApplication     : No active profile set, falling back to 1 default profile: "default"
2026-06-17T23:54:12.516+05:30  INFO 19936 --- [backend-api-development] [           main] .s.d.r.c.RepositoryConfigurationDelegate : Bootstrapping Spring Data JPA repositories in DEFAULT mode.
2026-06-17T23:54:12.667+05:30  INFO 19936 --- [backend-api-development] [           main] .s.d.r.c.RepositoryConfigurationDelegate : Finished Spring Data repository scanning in 123 ms. Found 2 JPA repository interfaces.
2026-06-17T23:54:15.064+05:30  INFO 19936 --- [backend-api-development] [           main] o.s.b.w.embedded.tomcat.TomcatWebServer  : Tomcat initialized with port 8080 (http)
2026-06-17T23:54:15.166+05:30  INFO 19936 --- [backend-api-development] [           main] o.apache.catalina.core.StandardService   : Starting service [Tomcat]
2026-06-17T23:54:15.168+05:30  INFO 19936 --- [backend-api-development] [           main] o.apache.catalina.core.StandardEngine    : Starting Servlet engine: [Apache Tomcat/10.1.48]
2026-06-17T23:54:15.374+05:30  INFO 19936 --- [backend-api-development] [           main] o.a.c.c.C.[Tomcat].[localhost].[/]       : Initializing Spring embedded WebApplicationContext
2026-06-17T23:54:15.376+05:30  INFO 19936 --- [backend-api-development] [           main] w.s.c.ServletWebServerApplicationContext : Root WebApplicationContext: initialization completed in 5300 ms
2026-06-17T23:54:16.635+05:30  INFO 19936 --- [backend-api-development] [           main] com.zaxxer.hikari.HikariDataSource       : HikariPool-1 - Starting...
2026-06-17T23:54:17.477+05:30  INFO 19936 --- [backend-api-development] [           main] com.zaxxer.hikari.pool.HikariPool        : HikariPool-1 - Added connection com.mysql.cj.jdbc.ConnectionImpl@29090809
2026-06-17T23:54:17.485+05:30  INFO 19936 --- [backend-api-development] [           main] com.zaxxer.hikari.HikariDataSource       : HikariPool-1 - Start completed.
2026-06-17T23:54:17.710+05:30  INFO 19936 --- [backend-api-development] [           main] org.flywaydb.core.FlywayExecutor         : Database: jdbc:mysql://localhost:3306/crud_api?createDatabaseIfNotExist=true&useSSL=false&allowPublicKeyRetrieval=true&serverTimezone=UTC (MySQL 8.0)
2026-06-17T23:54:17.897+05:30  INFO 19936 --- [backend-api-development] [           main] o.f.core.internal.command.DbValidate     : Successfully validated 4 migrations (execution time 00:00.078s)
2026-06-17T23:54:17.936+05:30  INFO 19936 --- [backend-api-development] [           main] o.f.core.internal.command.DbMigrate      : Current version of schema `crud_api`: 4
2026-06-17T23:54:17.950+05:30  INFO 19936 --- [backend-api-development] [           main] o.f.core.internal.command.DbMigrate      : Schema `crud_api` is up to date. No migration necessary.
2026-06-17T23:54:18.270+05:30  INFO 19936 --- [backend-api-development] [           main] o.hibernate.jpa.internal.util.LogHelper  : HHH000204: Processing PersistenceUnitInfo [name: default]
2026-06-17T23:54:18.632+05:30  INFO 19936 --- [backend-api-development] [           main] org.hibernate.Version                    : HHH000412: Hibernate ORM core version 6.6.33.Final
2026-06-17T23:54:18.872+05:30  INFO 19936 --- [backend-api-development] [           main] o.h.c.internal.RegionFactoryInitiator    : HHH000026: Second-level cache disabled
2026-06-17T23:54:19.995+05:30  INFO 19936 --- [backend-api-development] [           main] o.s.o.j.p.SpringPersistenceUnitInfo      : No LoadTimeWeaver setup: ignoring JPA class transformer
2026-06-17T23:54:20.244+05:30  INFO 19936 --- [backend-api-development] [           main] org.hibernate.orm.connections.pooling    : HHH10001005: Database info:
	Database JDBC URL [Connecting through datasource 'HikariDataSource (HikariPool-1)']
	Database driver: undefined/unknown
	Database version: 8.0.42
	Autocommit mode: undefined/unknown
	Isolation level: undefined/unknown
	Minimum pool size: undefined/unknown
	Maximum pool size: undefined/unknown
2026-06-17T23:54:22.615+05:30  INFO 19936 --- [backend-api-development] [           main] o.h.e.t.j.p.i.JtaPlatformInitiator       : HHH000489: No JTA platform available (set 'hibernate.transaction.jta.platform' to enable JTA platform integration)
2026-06-17T23:54:22.704+05:30  INFO 19936 --- [backend-api-development] [           main] j.LocalContainerEntityManagerFactoryBean : Initialized JPA EntityManagerFactory for persistence unit 'default'
2026-06-17T23:54:23.590+05:30  INFO 19936 --- [backend-api-development] [           main] r$InitializeUserDetailsManagerConfigurer : Global AuthenticationManager configured with UserDetailsService bean with name userService
2026-06-17T23:54:24.500+05:30  INFO 19936 --- [backend-api-development] [           main] o.s.b.a.e.web.EndpointLinksResolver      : Exposing 2 endpoints beneath base path '/actuator'
2026-06-17T23:54:25.288+05:30  INFO 19936 --- [backend-api-development] [           main] o.s.b.w.embedded.tomcat.TomcatWebServer  : Tomcat started on port 8080 (http) with context path '/'
2026-06-17T23:54:25.320+05:30  INFO 19936 --- [backend-api-development] [           main] c.e.backendapi.BackendApiApplication     : Started BackendApiApplication in 16.829 seconds (process running for 17.702)
2026-06-17T23:54:25.508+05:30  INFO 19936 --- [backend-api-development] [nio-8080-exec-1] o.a.c.c.C.[Tomcat].[localhost].[/]       : Initializing Spring DispatcherServlet 'dispatcherServlet'
2026-06-17T23:54:25.509+05:30  INFO 19936 --- [backend-api-development] [nio-8080-exec-1] o.s.web.servlet.DispatcherServlet        : Initializing Servlet 'dispatcherServlet'
2026-06-17T23:54:25.513+05:30  INFO 19936 --- [backend-api-development] [nio-8080-exec-1] o.s.web.servlet.DispatcherServlet        : Completed initialization in 3 ms
2026-06-17T23:54:25.597+05:30  INFO 19936 --- [backend-api-development] [nio-8080-exec-1] c.e.backendapi.audit.ApiLoggingFilter    : REQUEST RECEIVED method=GET path=/actuator/health clientIp=0:0:0:0:0:0:0:1
2026-06-17T23:54:25.769+05:30  INFO 19936 --- [backend-api-development] [nio-8080-exec-1] c.e.backendapi.audit.ApiLogService       : RESPONSE SENT method=GET path=/actuator/health status=200 durationMs=167 clientIp=0:0:0:0:0:0:0:1 userId=- userEmail=- userName=- jwtPresent=false jwtValid=false jwtExpiresAt=- jwtSecondsRemaining=- dbTable=- dbRecordId=- dbOperation=READ
[INFO] ------------------------------------------------------------------------
[INFO] BUILD FAILURE
[INFO] ------------------------------------------------------------------------
[INFO] Total time:  26.265 s
[INFO] Finished at: 2026-06-17T23:54:28+05:30
[INFO] ------------------------------------------------------------------------
[ERROR] Failed to execute goal org.springframework.boot:spring-boot-maven-plugin:3.5.7:run (default-cli) on project backend-api-development: Process terminated with exit code: 1 -> [Help 1]
[ERROR] 
[ERROR] To see the full stack trace of the errors, re-run Maven with the -e switch.
[ERROR] Re-run Maven using the -X switch to enable full debug logging.
[ERROR] 
[ERROR] For more information about the errors and possible solutions, please read the following articles:
[ERROR] [Help 1] http://cwiki.apache.org/confluence/display/MAVEN/MojoExecutionException
