WARNING: A restricted method in java.lang.System has been called
WARNING: java.lang.System::load has been called by org.fusesource.jansi.internal.JansiLoader in an unnamed module (file:/D:/TestNgFramework/tools/apache-maven-3.9.9/lib/jansi-2.4.1.jar)
WARNING: Use --enable-native-access=ALL-UNNAMED to avoid a warning for callers in this module
WARNING: Restricted methods will be blocked in a future release unless native access is enabled

WARNING: A terminally deprecated method in sun.misc.Unsafe has been called
WARNING: sun.misc.Unsafe::objectFieldOffset has been called by com.google.common.util.concurrent.AbstractFuture$UnsafeAtomicHelper (file:/D:/TestNgFramework/tools/apache-maven-3.9.9/lib/guava-33.2.1-jre.jar)
WARNING: Please consider reporting this to the maintainers of class com.google.common.util.concurrent.AbstractFuture$UnsafeAtomicHelper
WARNING: sun.misc.Unsafe::objectFieldOffset will be removed in a future release
[INFO] Scanning for projects...
[INFO] 
[INFO] ----------------< com.example:backend-api-development >-----------------
[INFO] Building backend-api-development 1.0.0
[INFO]   from pom.xml
[INFO] --------------------------------[ jar ]---------------------------------
[INFO] 
[INFO] >>> spring-boot:3.5.7:run (default-cli) > test-compile @ backend-api-development >>>
[INFO] 
[INFO] --- resources:3.3.1:resources (default-resources) @ backend-api-development ---
[INFO] Copying 1 resource from src\main\resources to target\classes
[INFO] Copying 7 resources from src\main\resources to target\classes
[INFO] 
[INFO] --- compiler:3.14.1:compile (default-compile) @ backend-api-development ---
[INFO] Nothing to compile - all classes are up to date.
[INFO] 
[INFO] --- resources:3.3.1:testResources (default-testResources) @ backend-api-development ---
[INFO] skip non existing resourceDirectory C:\Users\DELL\IdeaProjects\BackendAPIDevelopment\src\test\resources
[INFO] 
[INFO] --- compiler:3.14.1:testCompile (default-testCompile) @ backend-api-development ---
[INFO] Nothing to compile - all classes are up to date.
[INFO] 
[INFO] <<< spring-boot:3.5.7:run (default-cli) < test-compile @ backend-api-development <<<
[INFO] 
[INFO] 
[INFO] --- spring-boot:3.5.7:run (default-cli) @ backend-api-development ---
[INFO] Attaching agents: []

  .   ____          _            __ _ _
 /\\ / ___'_ __ _ _(_)_ __  __ _ \ \ \ \
( ( )\___ | '_ | '_| | '_ \/ _` | \ \ \ \
 \\/  ___)| |_)| | | | | || (_| |  ) ) ) )
  '  |____| .__|_| |_|_| |_\__, | / / / /
 =========|_|==============|___/=/_/_/_/

 :: Spring Boot ::                (v3.5.7)

2026-06-20T21:21:47.707+05:30  INFO 22180 --- [backend-api-development] [           main] c.e.backendapi.BackendApiApplication     : Starting BackendApiApplication using Java 24 with PID 22180 (C:\Users\DELL\IdeaProjects\BackendAPIDevelopment\target\classes started by DELL in C:\Users\DELL\IdeaProjects\BackendAPIDevelopment)
2026-06-20T21:21:47.710+05:30  INFO 22180 --- [backend-api-development] [           main] c.e.backendapi.BackendApiApplication     : No active profile set, falling back to 1 default profile: "default"
2026-06-20T21:21:50.146+05:30  INFO 22180 --- [backend-api-development] [           main] .s.d.r.c.RepositoryConfigurationDelegate : Bootstrapping Spring Data JPA repositories in DEFAULT mode.
2026-06-20T21:21:50.298+05:30  INFO 22180 --- [backend-api-development] [           main] .s.d.r.c.RepositoryConfigurationDelegate : Finished Spring Data repository scanning in 127 ms. Found 2 JPA repository interfaces.
2026-06-20T21:21:52.141+05:30  INFO 22180 --- [backend-api-development] [           main] o.s.b.w.embedded.tomcat.TomcatWebServer  : Tomcat initialized with port 8080 (http)
2026-06-20T21:21:52.198+05:30  INFO 22180 --- [backend-api-development] [           main] o.apache.catalina.core.StandardService   : Starting service [Tomcat]
2026-06-20T21:21:52.198+05:30  INFO 22180 --- [backend-api-development] [           main] o.apache.catalina.core.StandardEngine    : Starting Servlet engine: [Apache Tomcat/10.1.48]
2026-06-20T21:21:52.398+05:30  INFO 22180 --- [backend-api-development] [           main] o.a.c.c.C.[Tomcat].[localhost].[/]       : Initializing Spring embedded WebApplicationContext
2026-06-20T21:21:52.399+05:30  INFO 22180 --- [backend-api-development] [           main] w.s.c.ServletWebServerApplicationContext : Root WebApplicationContext: initialization completed in 4594 ms
2026-06-20T21:21:53.493+05:30  INFO 22180 --- [backend-api-development] [           main] com.zaxxer.hikari.HikariDataSource       : HikariPool-1 - Starting...
2026-06-20T21:21:54.364+05:30  INFO 22180 --- [backend-api-development] [           main] com.zaxxer.hikari.pool.HikariPool        : HikariPool-1 - Added connection com.mysql.cj.jdbc.ConnectionImpl@7f8c48f3
2026-06-20T21:21:54.371+05:30  INFO 22180 --- [backend-api-development] [           main] com.zaxxer.hikari.HikariDataSource       : HikariPool-1 - Start completed.
2026-06-20T21:21:54.579+05:30  INFO 22180 --- [backend-api-development] [           main] org.flywaydb.core.FlywayExecutor         : Database: jdbc:mysql://localhost:3306/crud_api?createDatabaseIfNotExist=true&useSSL=false&allowPublicKeyRetrieval=true&serverTimezone=UTC (MySQL 8.0)
2026-06-20T21:21:55.120+05:30  INFO 22180 --- [backend-api-development] [           main] o.f.core.internal.command.DbValidate     : Successfully validated 4 migrations (execution time 00:00.441s)
2026-06-20T21:21:55.219+05:30  INFO 22180 --- [backend-api-development] [           main] o.f.core.internal.command.DbMigrate      : Current version of schema `crud_api`: 4
2026-06-20T21:21:55.242+05:30  INFO 22180 --- [backend-api-development] [           main] o.f.core.internal.command.DbMigrate      : Schema `crud_api` is up to date. No migration necessary.
2026-06-20T21:21:55.671+05:30  INFO 22180 --- [backend-api-development] [           main] o.hibernate.jpa.internal.util.LogHelper  : HHH000204: Processing PersistenceUnitInfo [name: default]
2026-06-20T21:21:55.954+05:30  INFO 22180 --- [backend-api-development] [           main] org.hibernate.Version                    : HHH000412: Hibernate ORM core version 6.6.33.Final
2026-06-20T21:21:56.127+05:30  INFO 22180 --- [backend-api-development] [           main] o.h.c.internal.RegionFactoryInitiator    : HHH000026: Second-level cache disabled
2026-06-20T21:21:57.763+05:30  INFO 22180 --- [backend-api-development] [           main] o.s.o.j.p.SpringPersistenceUnitInfo      : No LoadTimeWeaver setup: ignoring JPA class transformer
2026-06-20T21:21:58.120+05:30  INFO 22180 --- [backend-api-development] [           main] org.hibernate.orm.connections.pooling    : HHH10001005: Database info:
	Database JDBC URL [Connecting through datasource 'HikariDataSource (HikariPool-1)']
	Database driver: undefined/unknown
	Database version: 8.0.42
	Autocommit mode: undefined/unknown
	Isolation level: undefined/unknown
	Minimum pool size: undefined/unknown
	Maximum pool size: undefined/unknown
2026-06-20T21:22:01.732+05:30  INFO 22180 --- [backend-api-development] [           main] o.h.e.t.j.p.i.JtaPlatformInitiator       : HHH000489: No JTA platform available (set 'hibernate.transaction.jta.platform' to enable JTA platform integration)
2026-06-20T21:22:01.810+05:30  INFO 22180 --- [backend-api-development] [           main] j.LocalContainerEntityManagerFactoryBean : Initialized JPA EntityManagerFactory for persistence unit 'default'
2026-06-20T21:22:03.081+05:30  INFO 22180 --- [backend-api-development] [           main] r$InitializeUserDetailsManagerConfigurer : Global AuthenticationManager configured with UserDetailsService bean with name userService
2026-06-20T21:22:03.560+05:30  INFO 22180 --- [backend-api-development] [           main] o.s.b.a.w.s.WelcomePageHandlerMapping    : Adding welcome page: class path resource [static/index.html]
2026-06-20T21:22:04.051+05:30  INFO 22180 --- [backend-api-development] [           main] o.s.b.a.e.web.EndpointLinksResolver      : Exposing 2 endpoints beneath base path '/actuator'
2026-06-20T21:22:05.189+05:30  INFO 22180 --- [backend-api-development] [           main] o.s.b.w.embedded.tomcat.TomcatWebServer  : Tomcat started on port 8080 (http) with context path '/'
2026-06-20T21:22:05.235+05:30  INFO 22180 --- [backend-api-development] [           main] c.e.backendapi.BackendApiApplication     : Started BackendApiApplication in 18.724 seconds (process running for 19.358)
2026-06-20T21:22:06.706+05:30  INFO 22180 --- [backend-api-development] [nio-8080-exec-2] o.a.c.c.C.[Tomcat].[localhost].[/]       : Initializing Spring DispatcherServlet 'dispatcherServlet'
2026-06-20T21:22:06.707+05:30  INFO 22180 --- [backend-api-development] [nio-8080-exec-2] o.s.web.servlet.DispatcherServlet        : Initializing Servlet 'dispatcherServlet'
2026-06-20T21:22:06.715+05:30  INFO 22180 --- [backend-api-development] [nio-8080-exec-2] o.s.web.servlet.DispatcherServlet        : Completed initialization in 7 ms
2026-06-20T21:22:06.900+05:30  INFO 22180 --- [backend-api-development] [nio-8080-exec-2] c.e.backendapi.audit.ApiLoggingFilter    : REQUEST RECEIVED method=GET path=/actuator/health clientIp=0:0:0:0:0:0:0:1
2026-06-20T21:22:07.264+05:30  INFO 22180 --- [backend-api-development] [nio-8080-exec-2] c.e.backendapi.audit.ApiLogService       : RESPONSE SENT method=GET path=/actuator/health status=200 durationMs=360 clientIp=0:0:0:0:0:0:0:1 userId=- userEmail=- userName=- jwtPresent=false jwtValid=false jwtExpiresAt=- jwtSecondsRemaining=- dbTable=- dbRecordId=- dbOperation=READ
