Starting backend on http://localhost:8080
Logs will print in this console. Press Ctrl+C to stop.
WARNING: A restricted method in java.lang.System has been called
WARNING: java.lang.System::load has been called by org.fusesource.jansi.internal.JansiLoader in an unnamed module (file:/D:/TestNgFramework/tools/apache-maven-3.9.9/lib/jansi-2.4.1.jar)
WARNING: Use --enable-native-access=ALL-UNNAMED to avoid a warning for callers in this module
WARNING: Restricted methods will be blocked in a future release unless native access is enabled

WARNING: A terminally deprecated method in sun.misc.Unsafe has been called
WARNING: sun.misc.Unsafe::objectFieldOffset has been called by com.google.common.util.concurrent.AbstractFuture$UnsafeAtomicHelper (file:/D:/TestNgFramework/tools/apache-maven-3.9.9/lib/guava-33.2.1-jre.jar)
WARNING: Please consider reporting this to the maintainers of class com.google.common.util.concurrent.AbstractFuture$UnsafeAtomicHelper
WARNING: sun.misc.Unsafe::objectFieldOffset will be removed in a future release
[INFO] Scanning for projects...
[INFO] 
[INFO] ----------------< com.example:backend-api-development >-----------------
[INFO] Building backend-api-development 1.0.0
[INFO]   from pom.xml
[INFO] --------------------------------[ jar ]---------------------------------
[INFO] 
[INFO] >>> spring-boot:3.5.7:run (default-cli) > test-compile @ backend-api-development >>>
[INFO] 
[INFO] --- resources:3.3.1:resources (default-resources) @ backend-api-development ---
[INFO] Copying 1 resource from src\main\resources to target\classes
[INFO] Copying 4 resources from src\main\resources to target\classes
[INFO] 
[INFO] --- compiler:3.14.1:compile (default-compile) @ backend-api-development ---
[INFO] Nothing to compile - all classes are up to date.
[INFO] 
[INFO] --- resources:3.3.1:testResources (default-testResources) @ backend-api-development ---
[INFO] skip non existing resourceDirectory C:\Users\DELL\IdeaProjects\BackendAPIDevelopment\src\test\resources
[INFO] 
[INFO] --- compiler:3.14.1:testCompile (default-testCompile) @ backend-api-development ---
[INFO] Nothing to compile - all classes are up to date.
[INFO] 
[INFO] <<< spring-boot:3.5.7:run (default-cli) < test-compile @ backend-api-development <<<
[INFO] 
[INFO] 
[INFO] --- spring-boot:3.5.7:run (default-cli) @ backend-api-development ---
[INFO] Attaching agents: []

  .   ____          _            __ _ _
 /\\ / ___'_ __ _ _(_)_ __  __ _ \ \ \ \
( ( )\___ | '_ | '_| | '_ \/ _` | \ \ \ \
 \\/  ___)| |_)| | | | | || (_| |  ) ) ) )
  '  |____| .__|_| |_|_| |_\__, | / / / /
 =========|_|==============|___/=/_/_/_/

 :: Spring Boot ::                (v3.5.7)

2026-06-19T22:10:22.723+05:30  INFO 18732 --- [backend-api-development] [           main] c.e.backendapi.BackendApiApplication     : Starting BackendApiApplication using Java 24 with PID 18732 (C:\Users\DELL\IdeaProjects\BackendAPIDevelopment\target\classes started by DELL in C:\Users\DELL\IdeaProjects\BackendAPIDevelopment)
2026-06-19T22:10:22.734+05:30  INFO 18732 --- [backend-api-development] [           main] c.e.backendapi.BackendApiApplication     : No active profile set, falling back to 1 default profile: "default"
2026-06-19T22:10:26.257+05:30  INFO 18732 --- [backend-api-development] [           main] .s.d.r.c.RepositoryConfigurationDelegate : Bootstrapping Spring Data JPA repositories in DEFAULT mode.
2026-06-19T22:10:26.527+05:30  INFO 18732 --- [backend-api-development] [           main] .s.d.r.c.RepositoryConfigurationDelegate : Finished Spring Data repository scanning in 224 ms. Found 2 JPA repository interfaces.
2026-06-19T22:10:28.724+05:30  INFO 18732 --- [backend-api-development] [           main] o.s.b.w.embedded.tomcat.TomcatWebServer  : Tomcat initialized with port 8080 (http)
2026-06-19T22:10:28.874+05:30  INFO 18732 --- [backend-api-development] [           main] o.apache.catalina.core.StandardService   : Starting service [Tomcat]
2026-06-19T22:10:28.874+05:30  INFO 18732 --- [backend-api-development] [           main] o.apache.catalina.core.StandardEngine    : Starting Servlet engine: [Apache Tomcat/10.1.48]
2026-06-19T22:10:29.153+05:30  INFO 18732 --- [backend-api-development] [           main] o.a.c.c.C.[Tomcat].[localhost].[/]       : Initializing Spring embedded WebApplicationContext
2026-06-19T22:10:29.156+05:30  INFO 18732 --- [backend-api-development] [           main] w.s.c.ServletWebServerApplicationContext : Root WebApplicationContext: initialization completed in 6215 ms
2026-06-19T22:10:31.622+05:30  INFO 18732 --- [backend-api-development] [           main] com.zaxxer.hikari.HikariDataSource       : HikariPool-1 - Starting...
2026-06-19T22:10:32.479+05:30  INFO 18732 --- [backend-api-development] [           main] com.zaxxer.hikari.pool.HikariPool        : HikariPool-1 - Added connection com.mysql.cj.jdbc.ConnectionImpl@1d944fc0
2026-06-19T22:10:32.486+05:30  INFO 18732 --- [backend-api-development] [           main] com.zaxxer.hikari.HikariDataSource       : HikariPool-1 - Start completed.
2026-06-19T22:10:32.663+05:30  INFO 18732 --- [backend-api-development] [           main] org.flywaydb.core.FlywayExecutor         : Database: jdbc:mysql://localhost:3306/crud_api?createDatabaseIfNotExist=true&useSSL=false&allowPublicKeyRetrieval=true&serverTimezone=UTC (MySQL 8.0)
2026-06-19T22:10:32.870+05:30  INFO 18732 --- [backend-api-development] [           main] o.f.core.internal.command.DbValidate     : Successfully validated 4 migrations (execution time 00:00.092s)
2026-06-19T22:10:32.899+05:30  INFO 18732 --- [backend-api-development] [           main] o.f.core.internal.command.DbMigrate      : Current version of schema `crud_api`: 4
2026-06-19T22:10:32.913+05:30  INFO 18732 --- [backend-api-development] [           main] o.f.core.internal.command.DbMigrate      : Schema `crud_api` is up to date. No migration necessary.
2026-06-19T22:10:33.164+05:30  INFO 18732 --- [backend-api-development] [           main] o.hibernate.jpa.internal.util.LogHelper  : HHH000204: Processing PersistenceUnitInfo [name: default]
2026-06-19T22:10:33.349+05:30  INFO 18732 --- [backend-api-development] [           main] org.hibernate.Version                    : HHH000412: Hibernate ORM core version 6.6.33.Final
2026-06-19T22:10:33.452+05:30  INFO 18732 --- [backend-api-development] [           main] o.h.c.internal.RegionFactoryInitiator    : HHH000026: Second-level cache disabled
2026-06-19T22:10:34.699+05:30  INFO 18732 --- [backend-api-development] [           main] o.s.o.j.p.SpringPersistenceUnitInfo      : No LoadTimeWeaver setup: ignoring JPA class transformer
2026-06-19T22:10:35.021+05:30  INFO 18732 --- [backend-api-development] [           main] org.hibernate.orm.connections.pooling    : HHH10001005: Database info:
	Database JDBC URL [Connecting through datasource 'HikariDataSource (HikariPool-1)']
	Database driver: undefined/unknown
	Database version: 8.0.42
	Autocommit mode: undefined/unknown
	Isolation level: undefined/unknown
	Minimum pool size: undefined/unknown
	Maximum pool size: undefined/unknown
2026-06-19T22:10:38.008+05:30  INFO 18732 --- [backend-api-development] [           main] o.h.e.t.j.p.i.JtaPlatformInitiator       : HHH000489: No JTA platform available (set 'hibernate.transaction.jta.platform' to enable JTA platform integration)
2026-06-19T22:10:38.114+05:30  INFO 18732 --- [backend-api-development] [           main] j.LocalContainerEntityManagerFactoryBean : Initialized JPA EntityManagerFactory for persistence unit 'default'
2026-06-19T22:10:40.158+05:30  INFO 18732 --- [backend-api-development] [           main] r$InitializeUserDetailsManagerConfigurer : Global AuthenticationManager configured with UserDetailsService bean with name userService
2026-06-19T22:10:42.146+05:30  INFO 18732 --- [backend-api-development] [           main] o.s.b.a.e.web.EndpointLinksResolver      : Exposing 2 endpoints beneath base path '/actuator'
2026-06-19T22:10:44.096+05:30  WARN 18732 --- [backend-api-development] [           main] ConfigServletWebServerApplicationContext : Exception encountered during context initialization - cancelling refresh attempt: org.springframework.context.ApplicationContextException: Failed to start bean 'webServerStartStop'
2026-06-19T22:10:44.113+05:30  INFO 18732 --- [backend-api-development] [           main] j.LocalContainerEntityManagerFactoryBean : Closing JPA EntityManagerFactory for persistence unit 'default'
2026-06-19T22:10:44.125+05:30  INFO 18732 --- [backend-api-development] [           main] com.zaxxer.hikari.HikariDataSource       : HikariPool-1 - Shutdown initiated...
2026-06-19T22:10:44.188+05:30  INFO 18732 --- [backend-api-development] [           main] com.zaxxer.hikari.HikariDataSource       : HikariPool-1 - Shutdown completed.
2026-06-19T22:10:44.283+05:30  INFO 18732 --- [backend-api-development] [           main] .s.b.a.l.ConditionEvaluationReportLogger : 

Error starting ApplicationContext. To display the condition evaluation report re-run your application with 'debug' enabled.
2026-06-19T22:10:44.361+05:30 ERROR 18732 --- [backend-api-development] [           main] o.s.b.d.LoggingFailureAnalysisReporter   : 

***************************
APPLICATION FAILED TO START
***************************

Description:

Web server failed to start. Port 8080 was already in use.

Action:

Identify and stop the process that's listening on port 8080 or configure this application to listen on another port.

[INFO] ------------------------------------------------------------------------
[INFO] BUILD FAILURE
[INFO] ------------------------------------------------------------------------
[INFO] Total time:  31.037 s
[INFO] Finished at: 2026-06-19T22:10:44+05:30
[INFO] ------------------------------------------------------------------------
[ERROR] Failed to execute goal org.springframework.boot:spring-boot-maven-plugin:3.5.7:run (default-cli) on project backend-api-development: Process terminated with exit code: 1 -> [Help 1]
[ERROR] 
[ERROR] To see the full stack trace of the errors, re-run Maven with the -e switch.
[ERROR] Re-run Maven using the -X switch to enable full debug logging.
[ERROR] 
[ERROR] For more information about the errors and possible solutions, please read the following articles:
[ERROR] [Help 1] http://cwiki.apache.org/confluence/display/MAVEN/MojoExecutionException
