[17/Jun/2026:23:14:37 +0530] 0:0:0:0:0:0:0:1 "GET / HTTP/1.1" 401 949636
[17/Jun/2026:23:14:38 +0530] 0:0:0:0:0:0:0:1 "GET /favicon.ico HTTP/1.1" 401 283421
[17/Jun/2026:23:15:01 +0530] 0:0:0:0:0:0:0:1 "GET /actuator/health HTTP/1.1" 200 207792
[17/Jun/2026:23:16:54 +0530] 0:0:0:0:0:0:0:1 "POST /api/v1/auth/login HTTP/1.1" 200 1809606
[17/Jun/2026:23:17:25 +0530] 0:0:0:0:0:0:0:1 "GET /api/v1/products?page=0&size=20&sort=id,asc HTTP/1.1" 200 423623
[17/Jun/2026:23:18:08 +0530] 0:0:0:0:0:0:0:1 "GET /api/v1/products?page=0&size=20&sort=id,asc HTTP/1.1" 401 20038
[17/Jun/2026:23:18:18 +0530] 0:0:0:0:0:0:0:1 "GET /api/v1/products?page=0&size=20&sort=id,asc HTTP/1.1" 401 23362
[17/Jun/2026:23:18:27 +0530] 0:0:0:0:0:0:0:1 "GET /actuator/health HTTP/1.1" 200 40317
[17/Jun/2026:23:18:38 +0530] 0:0:0:0:0:0:0:1 "POST /api/v1/auth/login HTTP/1.1" 200 400304
[17/Jun/2026:23:18:53 +0530] 0:0:0:0:0:0:0:1 "GET /api/v1/products/8 HTTP/1.1" 200 54471
[17/Jun/2026:23:19:06 +0530] 0:0:0:0:0:0:0:1 "PUT /api/v1/products/8 HTTP/1.1" 200 267213
[17/Jun/2026:23:19:22 +0530] 0:0:0:0:0:0:0:1 "PUT /api/v1/products/8 HTTP/1.1" 200 102042
[17/Jun/2026:23:19:37 +0530] 0:0:0:0:0:0:0:1 "GET /api/v1/products/8 HTTP/1.1" 200 78946
[17/Jun/2026:23:20:06 +0530] 0:0:0:0:0:0:0:1 "POST /api/v1/products HTTP/1.1" 201 183509
[17/Jun/2026:23:20:09 +0530] 0:0:0:0:0:0:0:1 "POST /api/v1/products HTTP/1.1" 201 61598
[17/Jun/2026:23:20:11 +0530] 0:0:0:0:0:0:0:1 "POST /api/v1/products HTTP/1.1" 201 97864
[17/Jun/2026:23:20:13 +0530] 0:0:0:0:0:0:0:1 "POST /api/v1/products HTTP/1.1" 201 52028
[17/Jun/2026:23:31:43 +0530] 0:0:0:0:0:0:0:1 "GET /actuator/health HTTP/1.1" 200 360656
[17/Jun/2026:23:32:08 +0530] 0:0:0:0:0:0:0:1 "POST /api/v1/auth/register HTTP/1.1" 201 1123681
[17/Jun/2026:23:32:17 +0530] 0:0:0:0:0:0:0:1 "POST /api/v1/auth/login HTTP/1.1" 200 628496
[17/Jun/2026:23:40:39 +0530] 0:0:0:0:0:0:0:1 "GET /actuator/health HTTP/1.1" 200 386297
[17/Jun/2026:23:41:47 +0530] 0:0:0:0:0:0:0:1 "POST /api/v1/auth/register HTTP/1.1" 201 2082324
[17/Jun/2026:23:41:49 +0530] 0:0:0:0:0:0:0:1 "GET /api/v1/products HTTP/1.1" 200 280644
[17/Jun/2026:23:47:06 +0530] 0:0:0:0:0:0:0:1 "POST /api/v1/auth/login HTTP/1.1" 200 1999129
[17/Jun/2026:23:56:09 +0530] 0:0:0:0:0:0:0:1 "POST /api/v1/auth/login HTTP/1.1" 200 2562883
[17/Jun/2026:23:56:51 +0530] 0:0:0:0:0:0:0:1 "POST /api/v1/products HTTP/1.1" 201 612486
[17/Jun/2026:23:56:55 +0530] 0:0:0:0:0:0:0:1 "POST /api/v1/products HTTP/1.1" 201 63147
