[20/Jun/2026:12:42:51 +0530] 0:0:0:0:0:0:0:1 "GET /actuator/health HTTP/1.1" 200 206999
[20/Jun/2026:12:51:07 +0530] 0:0:0:0:0:0:0:1 "GET /actuator/health HTTP/1.1" 200 56004
[20/Jun/2026:12:51:08 +0530] 0:0:0:0:0:0:0:1 "GET /favicon.ico HTTP/1.1" 401 64361
[20/Jun/2026:12:56:38 +0530] 0:0:0:0:0:0:0:1 "GET /actuator/health HTTP/1.1" 200 190480
[20/Jun/2026:12:57:07 +0530] 0:0:0:0:0:0:0:1 "GET /actuator/health HTTP/1.1" 200 23083
[20/Jun/2026:12:57:07 +0530] 0:0:0:0:0:0:0:1 "GET /favicon.ico HTTP/1.1" 401 47749
[20/Jun/2026:12:57:09 +0530] 0:0:0:0:0:0:0:1 "GET /actuator/health HTTP/1.1" 200 24730
[20/Jun/2026:12:57:09 +0530] 0:0:0:0:0:0:0:1 "GET /favicon.ico HTTP/1.1" 401 17031
[20/Jun/2026:12:57:11 +0530] 0:0:0:0:0:0:0:1 "GET /actuator/health HTTP/1.1" 200 28596
[20/Jun/2026:12:57:12 +0530] 0:0:0:0:0:0:0:1 "GET /favicon.ico HTTP/1.1" 401 15413
[20/Jun/2026:12:57:12 +0530] 0:0:0:0:0:0:0:1 "GET /actuator/health HTTP/1.1" 200 62395
[20/Jun/2026:12:57:12 +0530] 0:0:0:0:0:0:0:1 "GET /favicon.ico HTTP/1.1" 401 11542
[20/Jun/2026:12:57:12 +0530] 0:0:0:0:0:0:0:1 "GET /actuator/health HTTP/1.1" 200 16030
[20/Jun/2026:12:57:12 +0530] 0:0:0:0:0:0:0:1 "GET /favicon.ico HTTP/1.1" 401 14267
[20/Jun/2026:12:57:12 +0530] 0:0:0:0:0:0:0:1 "GET /actuator/health HTTP/1.1" 200 24809
[20/Jun/2026:12:57:12 +0530] 0:0:0:0:0:0:0:1 "GET /favicon.ico HTTP/1.1" 401 14069
[20/Jun/2026:12:57:13 +0530] 0:0:0:0:0:0:0:1 "GET /actuator/health HTTP/1.1" 200 18509
[20/Jun/2026:12:57:13 +0530] 0:0:0:0:0:0:0:1 "GET /favicon.ico HTTP/1.1" 401 13775
[20/Jun/2026:12:57:13 +0530] 0:0:0:0:0:0:0:1 "GET /actuator/health HTTP/1.1" 200 23783
[20/Jun/2026:12:57:13 +0530] 0:0:0:0:0:0:0:1 "GET /favicon.ico HTTP/1.1" 401 13628
[20/Jun/2026:12:57:13 +0530] 0:0:0:0:0:0:0:1 "GET /actuator/health HTTP/1.1" 200 19074
[20/Jun/2026:12:57:13 +0530] 0:0:0:0:0:0:0:1 "GET /favicon.ico HTTP/1.1" 401 11178
[20/Jun/2026:12:57:13 +0530] 0:0:0:0:0:0:0:1 "GET /actuator/health HTTP/1.1" 200 18093
[20/Jun/2026:12:57:13 +0530] 0:0:0:0:0:0:0:1 "GET /favicon.ico HTTP/1.1" 401 21827
[20/Jun/2026:12:57:13 +0530] 0:0:0:0:0:0:0:1 "GET /actuator/health HTTP/1.1" 200 16022
[20/Jun/2026:12:57:13 +0530] 0:0:0:0:0:0:0:1 "GET /favicon.ico HTTP/1.1" 401 14688
[20/Jun/2026:12:57:13 +0530] 0:0:0:0:0:0:0:1 "GET /actuator/health HTTP/1.1" 200 16296
[20/Jun/2026:12:57:13 +0530] 0:0:0:0:0:0:0:1 "GET /favicon.ico HTTP/1.1" 401 12355
[20/Jun/2026:12:57:14 +0530] 0:0:0:0:0:0:0:1 "GET /actuator/health HTTP/1.1" 200 17733
[20/Jun/2026:12:57:14 +0530] 0:0:0:0:0:0:0:1 "GET /favicon.ico HTTP/1.1" 401 11929
[20/Jun/2026:12:57:14 +0530] 0:0:0:0:0:0:0:1 "GET /actuator/health HTTP/1.1" 200 17046
[20/Jun/2026:12:57:14 +0530] 0:0:0:0:0:0:0:1 "GET /favicon.ico HTTP/1.1" 401 10003
[20/Jun/2026:12:57:14 +0530] 0:0:0:0:0:0:0:1 "GET /actuator/health HTTP/1.1" 200 20097
[20/Jun/2026:12:57:14 +0530] 0:0:0:0:0:0:0:1 "GET /favicon.ico HTTP/1.1" 401 14590
[20/Jun/2026:12:57:14 +0530] 0:0:0:0:0:0:0:1 "GET /actuator/health HTTP/1.1" 200 19075
[20/Jun/2026:12:57:14 +0530] 0:0:0:0:0:0:0:1 "GET /favicon.ico HTTP/1.1" 401 14762
[20/Jun/2026:12:57:14 +0530] 0:0:0:0:0:0:0:1 "GET /actuator/health HTTP/1.1" 200 27217
[20/Jun/2026:12:57:14 +0530] 0:0:0:0:0:0:0:1 "GET /favicon.ico HTTP/1.1" 401 12111
[20/Jun/2026:12:57:14 +0530] 0:0:0:0:0:0:0:1 "GET /actuator/health HTTP/1.1" 200 16506
[20/Jun/2026:12:57:15 +0530] 0:0:0:0:0:0:0:1 "GET /favicon.ico HTTP/1.1" 401 13298
[20/Jun/2026:12:57:15 +0530] 0:0:0:0:0:0:0:1 "GET /actuator/health HTTP/1.1" 200 14457
[20/Jun/2026:12:57:15 +0530] 0:0:0:0:0:0:0:1 "GET /favicon.ico HTTP/1.1" 401 9337
[20/Jun/2026:12:57:15 +0530] 0:0:0:0:0:0:0:1 "GET /actuator/health HTTP/1.1" 200 17311
[20/Jun/2026:12:57:15 +0530] 0:0:0:0:0:0:0:1 "GET /favicon.ico HTTP/1.1" 401 10382
[20/Jun/2026:12:57:16 +0530] 0:0:0:0:0:0:0:1 "GET /actuator/health HTTP/1.1" 200 14589
[20/Jun/2026:12:57:16 +0530] 0:0:0:0:0:0:0:1 "GET /favicon.ico HTTP/1.1" 401 13261
[20/Jun/2026:12:57:16 +0530] 0:0:0:0:0:0:0:1 "GET /actuator/health HTTP/1.1" 200 16928
[20/Jun/2026:12:57:16 +0530] 0:0:0:0:0:0:0:1 "GET /favicon.ico HTTP/1.1" 401 14876
[20/Jun/2026:12:57:16 +0530] 0:0:0:0:0:0:0:1 "GET /actuator/health HTTP/1.1" 200 13711
[20/Jun/2026:12:57:16 +0530] 0:0:0:0:0:0:0:1 "GET /favicon.ico HTTP/1.1" 401 14055
[20/Jun/2026:12:57:16 +0530] 0:0:0:0:0:0:0:1 "GET /actuator/health HTTP/1.1" 200 26918
[20/Jun/2026:12:57:16 +0530] 0:0:0:0:0:0:0:1 "GET /favicon.ico HTTP/1.1" 401 15116
[20/Jun/2026:12:57:16 +0530] 0:0:0:0:0:0:0:1 "GET /actuator/health HTTP/1.1" 200 16009
[20/Jun/2026:12:57:16 +0530] 0:0:0:0:0:0:0:1 "GET /favicon.ico HTTP/1.1" 401 10137
[20/Jun/2026:12:57:17 +0530] 0:0:0:0:0:0:0:1 "GET /actuator/health HTTP/1.1" 200 15440
[20/Jun/2026:12:57:17 +0530] 0:0:0:0:0:0:0:1 "GET /favicon.ico HTTP/1.1" 401 12931
[20/Jun/2026:12:57:17 +0530] 0:0:0:0:0:0:0:1 "GET /actuator/health HTTP/1.1" 200 17445
[20/Jun/2026:12:57:17 +0530] 0:0:0:0:0:0:0:1 "GET /favicon.ico HTTP/1.1" 401 19835
[20/Jun/2026:12:57:17 +0530] 0:0:0:0:0:0:0:1 "GET /actuator/health HTTP/1.1" 200 23110
[20/Jun/2026:12:57:17 +0530] 0:0:0:0:0:0:0:1 "GET /favicon.ico HTTP/1.1" 401 15535
[20/Jun/2026:12:57:17 +0530] 0:0:0:0:0:0:0:1 "GET /actuator/health HTTP/1.1" 200 55829
[20/Jun/2026:12:57:17 +0530] 0:0:0:0:0:0:0:1 "GET /favicon.ico HTTP/1.1" 401 15994
[20/Jun/2026:12:57:18 +0530] 0:0:0:0:0:0:0:1 "GET /actuator/health HTTP/1.1" 200 17281
[20/Jun/2026:12:57:18 +0530] 0:0:0:0:0:0:0:1 "GET /favicon.ico HTTP/1.1" 401 10123
[20/Jun/2026:12:57:21 +0530] 0:0:0:0:0:0:0:1 "GET /actuator/health HTTP/1.1" 200 20508
[20/Jun/2026:12:57:21 +0530] 0:0:0:0:0:0:0:1 "GET /favicon.ico HTTP/1.1" 401 17436
[20/Jun/2026:12:57:22 +0530] 0:0:0:0:0:0:0:1 "GET /actuator/health HTTP/1.1" 200 24305
[20/Jun/2026:12:57:22 +0530] 0:0:0:0:0:0:0:1 "GET /favicon.ico HTTP/1.1" 401 17419
[20/Jun/2026:12:57:22 +0530] 0:0:0:0:0:0:0:1 "GET /actuator/health HTTP/1.1" 200 11195
[20/Jun/2026:12:57:31 +0530] 0:0:0:0:0:0:0:1 "GET /actuator/health HTTP/1.1" 200 19154
[20/Jun/2026:12:57:31 +0530] 0:0:0:0:0:0:0:1 "GET /favicon.ico HTTP/1.1" 401 13575
[20/Jun/2026:12:58:23 +0530] 0:0:0:0:0:0:0:1 "GET /actuator/health HTTP/1.1" 200 26108
[20/Jun/2026:12:58:24 +0530] 0:0:0:0:0:0:0:1 "GET /favicon.ico HTTP/1.1" 401 16567
[20/Jun/2026:12:58:41 +0530] 0:0:0:0:0:0:0:1 "GET /actuator/health HTTP/1.1" 200 18703
[20/Jun/2026:12:58:41 +0530] 0:0:0:0:0:0:0:1 "GET /favicon.ico HTTP/1.1" 401 15143
[20/Jun/2026:12:59:01 +0530] 0:0:0:0:0:0:0:1 "GET /actuator/health HTTP/1.1" 200 14516
[20/Jun/2026:13:43:29 +0530] 0:0:0:0:0:0:0:1 "GET /actuator/health HTTP/1.1" 200 449581
[20/Jun/2026:13:44:35 +0530] 0:0:0:0:0:0:0:1 "GET /actuator/health HTTP/1.1" 200 272979
[20/Jun/2026:13:45:15 +0530] 0:0:0:0:0:0:0:1 "GET /actuator/health HTTP/1.1" 200 26888
[20/Jun/2026:13:45:36 +0530] 0:0:0:0:0:0:0:1 "GET /actuator/health HTTP/1.1" 200 18312
[20/Jun/2026:13:47:22 +0530] 0:0:0:0:0:0:0:1 "GET /actuator/health HTTP/1.1" 200 152590
[20/Jun/2026:13:56:24 +0530] 0:0:0:0:0:0:0:1 "GET /actuator/health HTTP/1.1" 200 127874
[20/Jun/2026:14:01:43 +0530] 0:0:0:0:0:0:0:1 "GET /actuator/health HTTP/1.1" 200 29388
[20/Jun/2026:14:01:44 +0530] 0:0:0:0:0:0:0:1 "GET /favicon.ico HTTP/1.1" 401 46626
[20/Jun/2026:14:01:47 +0530] 0:0:0:0:0:0:0:1 "GET /actuator/health HTTP/1.1" 200 22942
[20/Jun/2026:14:01:47 +0530] 0:0:0:0:0:0:0:1 "GET /favicon.ico HTTP/1.1" 401 17315
[20/Jun/2026:14:01:47 +0530] 0:0:0:0:0:0:0:1 "GET /actuator/health HTTP/1.1" 200 21185
[20/Jun/2026:14:01:47 +0530] 0:0:0:0:0:0:0:1 "GET /favicon.ico HTTP/1.1" 401 18760
[20/Jun/2026:14:01:47 +0530] 0:0:0:0:0:0:0:1 "GET /actuator/health HTTP/1.1" 200 27132
[20/Jun/2026:14:01:47 +0530] 0:0:0:0:0:0:0:1 "GET /favicon.ico HTTP/1.1" 401 13092
[20/Jun/2026:14:01:47 +0530] 0:0:0:0:0:0:0:1 "GET /actuator/health HTTP/1.1" 200 35090
[20/Jun/2026:14:01:47 +0530] 0:0:0:0:0:0:0:1 "GET /favicon.ico HTTP/1.1" 401 15219
[20/Jun/2026:14:01:47 +0530] 0:0:0:0:0:0:0:1 "GET /actuator/health HTTP/1.1" 200 41174
[20/Jun/2026:14:01:48 +0530] 0:0:0:0:0:0:0:1 "GET /favicon.ico HTTP/1.1" 401 22634
[20/Jun/2026:14:01:48 +0530] 0:0:0:0:0:0:0:1 "GET /actuator/health HTTP/1.1" 200 25275
[20/Jun/2026:14:01:48 +0530] 0:0:0:0:0:0:0:1 "GET /favicon.ico HTTP/1.1" 401 16195
[20/Jun/2026:14:01:48 +0530] 0:0:0:0:0:0:0:1 "GET /actuator/health HTTP/1.1" 200 25704
[20/Jun/2026:14:01:48 +0530] 0:0:0:0:0:0:0:1 "GET /favicon.ico HTTP/1.1" 401 12108
[20/Jun/2026:14:01:48 +0530] 0:0:0:0:0:0:0:1 "GET /actuator/health HTTP/1.1" 200 21527
[20/Jun/2026:14:01:49 +0530] 0:0:0:0:0:0:0:1 "GET /favicon.ico HTTP/1.1" 401 12645
[20/Jun/2026:14:01:49 +0530] 0:0:0:0:0:0:0:1 "GET /actuator/health HTTP/1.1" 200 24447
[20/Jun/2026:14:01:49 +0530] 0:0:0:0:0:0:0:1 "GET /favicon.ico HTTP/1.1" 401 10743
[20/Jun/2026:14:01:49 +0530] 0:0:0:0:0:0:0:1 "GET /actuator/health HTTP/1.1" 200 22863
[20/Jun/2026:14:01:49 +0530] 0:0:0:0:0:0:0:1 "GET /favicon.ico HTTP/1.1" 401 13214
[20/Jun/2026:14:01:50 +0530] 0:0:0:0:0:0:0:1 "GET /actuator/health HTTP/1.1" 200 22098
[20/Jun/2026:14:01:50 +0530] 0:0:0:0:0:0:0:1 "GET /favicon.ico HTTP/1.1" 401 15394
[20/Jun/2026:14:11:11 +0530] 0:0:0:0:0:0:0:1 "GET /actuator/health HTTP/1.1" 200 24889
[20/Jun/2026:14:11:11 +0530] 0:0:0:0:0:0:0:1 "GET /favicon.ico HTTP/1.1" 401 22940
[20/Jun/2026:14:21:46 +0530] 0:0:0:0:0:0:0:1 "GET /actuator/health HTTP/1.1" 200 211914
[20/Jun/2026:14:22:08 +0530] 0:0:0:0:0:0:0:1 "GET / HTTP/1.1" 200 55628
[20/Jun/2026:14:25:05 +0530] 0:0:0:0:0:0:0:1 "GET / HTTP/1.1" 200 28354
[20/Jun/2026:14:25:33 +0530] 0:0:0:0:0:0:0:1 "POST /api/v1/auth/register HTTP/1.1" 201 730781
[20/Jun/2026:14:25:34 +0530] 0:0:0:0:0:0:0:1 "POST /api/v1/products HTTP/1.1" 201 166877
[20/Jun/2026:14:25:34 +0530] 0:0:0:0:0:0:0:1 "GET /api/v1/products HTTP/1.1" 200 63849
[20/Jun/2026:14:26:05 +0530] 0:0:0:0:0:0:0:1 "GET / HTTP/1.1" 200 24124
[20/Jun/2026:14:26:06 +0530] 0:0:0:0:0:0:0:1 "GET /styles.css HTTP/1.1" 200 15802
[20/Jun/2026:14:26:06 +0530] 0:0:0:0:0:0:0:1 "GET /app.js HTTP/1.1" 200 15946
[20/Jun/2026:14:26:06 +0530] 0:0:0:0:0:0:0:1 "GET /favicon.ico HTTP/1.1" 500 33396
[20/Jun/2026:14:26:16 +0530] 0:0:0:0:0:0:0:1 "POST /api/v1/auth/login HTTP/1.1" 403 38770
[20/Jun/2026:14:26:27 +0530] 0:0:0:0:0:0:0:1 "POST /api/v1/auth/register HTTP/1.1" 403 3776
[20/Jun/2026:14:26:32 +0530] 0:0:0:0:0:0:0:1 "POST /api/v1/auth/register HTTP/1.1" 403 10746
[20/Jun/2026:14:26:42 +0530] 0:0:0:0:0:0:0:1 "GET /styles.css HTTP/1.1" 200 23903
[20/Jun/2026:14:26:45 +0530] 0:0:0:0:0:0:0:1 "POST /api/v1/auth/register HTTP/1.1" 403 5211
[20/Jun/2026:14:27:08 +0530] 0:0:0:0:0:0:0:1 "POST /api/v1/auth/login HTTP/1.1" 403 13178
[20/Jun/2026:14:27:25 +0530] 0:0:0:0:0:0:0:1 "POST /api/v1/products HTTP/1.1" 403 2578
[20/Jun/2026:14:27:39 +0530] 0:0:0:0:0:0:0:1 "POST /api/v1/auth/register HTTP/1.1" 403 3302
[20/Jun/2026:14:28:17 +0530] 0:0:0:0:0:0:0:1 "GET /actuator/health HTTP/1.1" 200 16560
[20/Jun/2026:14:30:35 +0530] 0:0:0:0:0:0:0:1 "GET /actuator/health HTTP/1.1" 200 14299
[20/Jun/2026:14:30:59 +0530] 0:0:0:0:0:0:0:1 "GET / HTTP/1.1" 200 30908
[20/Jun/2026:14:31:17 +0530] 0:0:0:0:0:0:0:1 "GET / HTTP/1.1" 200 17036
[20/Jun/2026:14:31:35 +0530] 0:0:0:0:0:0:0:1 "GET / HTTP/1.1" 200 58423
[20/Jun/2026:14:31:35 +0530] 0:0:0:0:0:0:0:1 "GET /app.js HTTP/1.1" 200 28800
[20/Jun/2026:14:31:35 +0530] 0:0:0:0:0:0:0:1 "GET /styles.css HTTP/1.1" 200 25148
[20/Jun/2026:14:31:36 +0530] 0:0:0:0:0:0:0:1 "GET /favicon.ico HTTP/1.1" 500 45872
[20/Jun/2026:14:31:39 +0530] 0:0:0:0:0:0:0:1 "POST /api/v1/auth/register HTTP/1.1" 403 4244
[20/Jun/2026:14:31:49 +0530] 0:0:0:0:0:0:0:1 "POST /api/v1/auth/login HTTP/1.1" 403 3374
[20/Jun/2026:14:31:51 +0530] 0:0:0:0:0:0:0:1 "GET /styles.css HTTP/1.1" 200 32592
[20/Jun/2026:14:31:58 +0530] 0:0:0:0:0:0:0:1 "POST /api/v1/auth/register HTTP/1.1" 403 3397
[20/Jun/2026:20:50:20 +0530] 0:0:0:0:0:0:0:1 "GET /actuator/health HTTP/1.1" 200 352833
[20/Jun/2026:20:50:47 +0530] 0:0:0:0:0:0:0:1 "GET / HTTP/1.1" 200 474665
[20/Jun/2026:20:50:48 +0530] 0:0:0:0:0:0:0:1 "GET /app.js HTTP/1.1" 200 38651
[20/Jun/2026:20:50:48 +0530] 0:0:0:0:0:0:0:1 "GET /styles.css HTTP/1.1" 200 53889
[20/Jun/2026:20:50:48 +0530] 0:0:0:0:0:0:0:1 "GET /favicon.ico HTTP/1.1" 500 82300
[20/Jun/2026:20:51:01 +0530] 0:0:0:0:0:0:0:1 "GET /styles.css HTTP/1.1" 200 35584
[20/Jun/2026:20:51:07 +0530] 0:0:0:0:0:0:0:1 "POST /api/v1/auth/register HTTP/1.1" 403 99083
[20/Jun/2026:20:51:33 +0530] 0:0:0:0:0:0:0:1 "POST /api/v1/auth/login HTTP/1.1" 403 14137
[20/Jun/2026:20:52:14 +0530] 0:0:0:0:0:0:0:1 "POST /api/v1/auth/register HTTP/1.1" 403 14354
[20/Jun/2026:20:52:15 +0530] 0:0:0:0:0:0:0:1 "POST /api/v1/auth/register HTTP/1.1" 403 12066
[20/Jun/2026:20:52:15 +0530] 0:0:0:0:0:0:0:1 "POST /api/v1/auth/register HTTP/1.1" 403 15684
[20/Jun/2026:20:52:15 +0530] 0:0:0:0:0:0:0:1 "POST /api/v1/auth/register HTTP/1.1" 403 11305
[20/Jun/2026:20:52:15 +0530] 0:0:0:0:0:0:0:1 "POST /api/v1/auth/register HTTP/1.1" 403 60102
[20/Jun/2026:20:54:29 +0530] 0:0:0:0:0:0:0:1 "POST /api/v1/products HTTP/1.1" 403 7230
[20/Jun/2026:21:01:36 +0530] 0:0:0:0:0:0:0:1 "GET /actuator/health HTTP/1.1" 200 134103
[20/Jun/2026:21:12:58 +0530] 0:0:0:0:0:0:0:1 "GET /actuator/health HTTP/1.1" 200 418296
[20/Jun/2026:21:14:04 +0530] 0:0:0:0:0:0:0:1 "GET /actuator/health HTTP/1.1" 200 54236
[20/Jun/2026:21:14:04 +0530] 0:0:0:0:0:0:0:1 "OPTIONS /api/v1/auth/register HTTP/1.1" 200 57218
[20/Jun/2026:21:14:04 +0530] 0:0:0:0:0:0:0:1 "GET / HTTP/1.1" 200 73648
[20/Jun/2026:21:14:28 +0530] 0:0:0:0:0:0:0:1 "POST /api/v1/auth/register HTTP/1.1" 201 1480440
[20/Jun/2026:21:17:55 +0530] 0:0:0:0:0:0:0:1 "GET / HTTP/1.1" 200 85475
[20/Jun/2026:21:17:56 +0530] 0:0:0:0:0:0:0:1 "GET /app.js HTTP/1.1" 200 49703
[20/Jun/2026:21:17:56 +0530] 0:0:0:0:0:0:0:1 "GET /styles.css HTTP/1.1" 200 94403
[20/Jun/2026:21:18:03 +0530] 0:0:0:0:0:0:0:1 "GET /styles.css HTTP/1.1" 200 22472
[20/Jun/2026:21:18:15 +0530] 0:0:0:0:0:0:0:1 "POST /api/v1/auth/register HTTP/1.1" 201 269747
[20/Jun/2026:21:18:16 +0530] 0:0:0:0:0:0:0:1 "GET /api/v1/products?page=0&size=20&sort=id,desc HTTP/1.1" 200 274741
[20/Jun/2026:21:18:33 +0530] 0:0:0:0:0:0:0:1 "GET /api/v1/products?page=0&size=20&sort=id,desc HTTP/1.1" 200 103762
[20/Jun/2026:21:18:40 +0530] 0:0:0:0:0:0:0:1 "POST /api/v1/products HTTP/1.1" 201 236171
[20/Jun/2026:21:18:41 +0530] 0:0:0:0:0:0:0:1 "GET /api/v1/products?page=0&size=20&sort=id,desc HTTP/1.1" 200 91542
[20/Jun/2026:21:19:10 +0530] 0:0:0:0:0:0:0:1 "POST /api/v1/auth/login HTTP/1.1" 200 767045
[20/Jun/2026:21:19:11 +0530] 0:0:0:0:0:0:0:1 "GET /api/v1/products?page=0&size=20&sort=id,desc HTTP/1.1" 200 90127
[20/Jun/2026:21:19:57 +0530] 0:0:0:0:0:0:0:1 "POST /api/v1/products HTTP/1.1" 201 144893
[20/Jun/2026:21:19:57 +0530] 0:0:0:0:0:0:0:1 "POST /api/v1/products HTTP/1.1" 409 187490
[20/Jun/2026:21:19:57 +0530] 0:0:0:0:0:0:0:1 "GET /api/v1/products?page=0&size=20&sort=id,desc HTTP/1.1" 200 128932
[20/Jun/2026:21:19:57 +0530] 0:0:0:0:0:0:0:1 "POST /api/v1/products HTTP/1.1" 201 109232
[20/Jun/2026:21:19:57 +0530] 0:0:0:0:0:0:0:1 "POST /api/v1/products HTTP/1.1" 409 58167
[20/Jun/2026:21:19:57 +0530] 0:0:0:0:0:0:0:1 "GET /api/v1/products?page=0&size=20&sort=id,desc HTTP/1.1" 200 63013
[20/Jun/2026:21:19:58 +0530] 0:0:0:0:0:0:0:1 "POST /api/v1/products HTTP/1.1" 201 73033
[20/Jun/2026:21:19:58 +0530] 0:0:0:0:0:0:0:1 "GET /api/v1/products?page=0&size=20&sort=id,desc HTTP/1.1" 200 53429
[20/Jun/2026:21:19:58 +0530] 0:0:0:0:0:0:0:1 "POST /api/v1/products HTTP/1.1" 201 61198
[20/Jun/2026:21:19:58 +0530] 0:0:0:0:0:0:0:1 "GET /api/v1/products?page=0&size=20&sort=id,desc HTTP/1.1" 200 80704
[20/Jun/2026:21:19:58 +0530] 0:0:0:0:0:0:0:1 "POST /api/v1/products HTTP/1.1" 201 108894
[20/Jun/2026:21:19:58 +0530] 0:0:0:0:0:0:0:1 "POST /api/v1/products HTTP/1.1" 409 105584
[20/Jun/2026:21:19:58 +0530] 0:0:0:0:0:0:0:1 "GET /api/v1/products?page=0&size=20&sort=id,desc HTTP/1.1" 200 104239
[20/Jun/2026:21:19:58 +0530] 0:0:0:0:0:0:0:1 "POST /api/v1/products HTTP/1.1" 201 89945
[20/Jun/2026:21:19:58 +0530] 0:0:0:0:0:0:0:1 "GET /api/v1/products?page=0&size=20&sort=id,desc HTTP/1.1" 200 156836
[20/Jun/2026:21:19:58 +0530] 0:0:0:0:0:0:0:1 "POST /api/v1/products HTTP/1.1" 201 155593
[20/Jun/2026:21:19:58 +0530] 0:0:0:0:0:0:0:1 "POST /api/v1/products HTTP/1.1" 409 85385
[20/Jun/2026:21:19:59 +0530] 0:0:0:0:0:0:0:1 "GET /api/v1/products?page=0&size=20&sort=id,desc HTTP/1.1" 200 116489
[20/Jun/2026:21:19:59 +0530] 0:0:0:0:0:0:0:1 "POST /api/v1/products HTTP/1.1" 201 56152
[20/Jun/2026:21:19:59 +0530] 0:0:0:0:0:0:0:1 "GET /api/v1/products?page=0&size=20&sort=id,desc HTTP/1.1" 200 74713
[20/Jun/2026:21:20:07 +0530] 0:0:0:0:0:0:0:1 "POST /api/v1/products HTTP/1.1" 201 90649
[20/Jun/2026:21:20:07 +0530] 0:0:0:0:0:0:0:1 "GET /api/v1/products?page=0&size=20&sort=id,desc HTTP/1.1" 200 69875
[20/Jun/2026:21:20:26 +0530] 0:0:0:0:0:0:0:1 "GET /api/v1/products?page=0&size=20&sort=id,desc HTTP/1.1" 200 106307
[20/Jun/2026:21:21:01 +0530] 0:0:0:0:0:0:0:1 "GET / HTTP/1.1" 200 31351
[20/Jun/2026:21:21:02 +0530] 0:0:0:0:0:0:0:1 "GET /app.js HTTP/1.1" 200 38163
[20/Jun/2026:21:21:02 +0530] 0:0:0:0:0:0:0:1 "GET /styles.css HTTP/1.1" 200 35041
[20/Jun/2026:21:21:02 +0530] 0:0:0:0:0:0:0:1 "GET /api/v1/products?page=0&size=20&sort=id,desc HTTP/1.1" 200 53836
[20/Jun/2026:21:22:06 +0530] 0:0:0:0:0:0:0:1 "GET /actuator/health HTTP/1.1" 200 840408
[20/Jun/2026:21:22:43 +0530] 0:0:0:0:0:0:0:1 "GET / HTTP/1.1" 200 162871
[20/Jun/2026:21:22:44 +0530] 0:0:0:0:0:0:0:1 "GET /app.js HTTP/1.1" 200 33986
[20/Jun/2026:21:22:44 +0530] 0:0:0:0:0:0:0:1 "GET /styles.css HTTP/1.1" 200 49723
[20/Jun/2026:21:22:48 +0530] 0:0:0:0:0:0:0:1 "POST /api/v1/auth/register HTTP/1.1" 201 2591970
[20/Jun/2026:21:22:50 +0530] 0:0:0:0:0:0:0:1 "GET /api/v1/products?page=0&size=20&sort=id,desc HTTP/1.1" 200 448379
[20/Jun/2026:21:22:55 +0530] 0:0:0:0:0:0:0:1 "POST /api/v1/auth/login HTTP/1.1" 200 525976
[20/Jun/2026:21:22:55 +0530] 0:0:0:0:0:0:0:1 "GET /api/v1/products?page=0&size=20&sort=id,desc HTTP/1.1" 200 87388
[20/Jun/2026:21:23:07 +0530] 0:0:0:0:0:0:0:1 "POST /api/v1/auth/login HTTP/1.1" 200 394802
[20/Jun/2026:21:23:08 +0530] 0:0:0:0:0:0:0:1 "GET /api/v1/products?page=0&size=20&sort=id,desc HTTP/1.1" 200 65289
[20/Jun/2026:21:23:14 +0530] 0:0:0:0:0:0:0:1 "GET /api/v1/products?page=0&size=20&sort=id,desc HTTP/1.1" 200 87292
[20/Jun/2026:21:23:15 +0530] 0:0:0:0:0:0:0:1 "GET /api/v1/products?page=0&size=20&sort=id,desc HTTP/1.1" 200 91268
[20/Jun/2026:21:23:58 +0530] 0:0:0:0:0:0:0:1 "POST /api/v1/products HTTP/1.1" 201 223835
[20/Jun/2026:21:23:59 +0530] 0:0:0:0:0:0:0:1 "GET /api/v1/products?page=0&size=20&sort=id,desc HTTP/1.1" 200 452430
[20/Jun/2026:21:24:01 +0530] 0:0:0:0:0:0:0:1 "POST /api/v1/products HTTP/1.1" 201 89397
[20/Jun/2026:21:24:01 +0530] 0:0:0:0:0:0:0:1 "GET /api/v1/products?page=0&size=20&sort=id,desc HTTP/1.1" 200 77652
[20/Jun/2026:21:24:02 +0530] 0:0:0:0:0:0:0:1 "POST /api/v1/products HTTP/1.1" 201 85464
[20/Jun/2026:21:24:02 +0530] 0:0:0:0:0:0:0:1 "GET /api/v1/products?page=0&size=20&sort=id,desc HTTP/1.1" 200 72944
[20/Jun/2026:21:24:03 +0530] 0:0:0:0:0:0:0:1 "POST /api/v1/products HTTP/1.1" 201 88513
[20/Jun/2026:21:24:03 +0530] 0:0:0:0:0:0:0:1 "GET /api/v1/products?page=0&size=20&sort=id,desc HTTP/1.1" 200 70242
[20/Jun/2026:21:24:04 +0530] 0:0:0:0:0:0:0:1 "POST /api/v1/products HTTP/1.1" 201 88786
[20/Jun/2026:21:24:04 +0530] 0:0:0:0:0:0:0:1 "GET /api/v1/products?page=0&size=20&sort=id,desc HTTP/1.1" 200 71957
[20/Jun/2026:21:24:04 +0530] 0:0:0:0:0:0:0:1 "POST /api/v1/products HTTP/1.1" 201 85148
[20/Jun/2026:21:24:04 +0530] 0:0:0:0:0:0:0:1 "GET /api/v1/products?page=0&size=20&sort=id,desc HTTP/1.1" 200 68652
[20/Jun/2026:21:24:05 +0530] 0:0:0:0:0:0:0:1 "POST /api/v1/products HTTP/1.1" 201 93182
[20/Jun/2026:21:24:05 +0530] 0:0:0:0:0:0:0:1 "GET /api/v1/products?page=0&size=20&sort=id,desc HTTP/1.1" 200 68325
[20/Jun/2026:21:24:06 +0530] 0:0:0:0:0:0:0:1 "POST /api/v1/products HTTP/1.1" 201 87546
[20/Jun/2026:21:24:06 +0530] 0:0:0:0:0:0:0:1 "GET /api/v1/products?page=0&size=20&sort=id,desc HTTP/1.1" 200 73784
[20/Jun/2026:21:24:06 +0530] 0:0:0:0:0:0:0:1 "POST /api/v1/products HTTP/1.1" 201 82320
[20/Jun/2026:21:24:07 +0530] 0:0:0:0:0:0:0:1 "GET /api/v1/products?page=0&size=20&sort=id,desc HTTP/1.1" 200 67409
[20/Jun/2026:21:24:07 +0530] 0:0:0:0:0:0:0:1 "POST /api/v1/products HTTP/1.1" 201 89163
[20/Jun/2026:21:24:07 +0530] 0:0:0:0:0:0:0:1 "GET /api/v1/products?page=0&size=20&sort=id,desc HTTP/1.1" 200 75097
[20/Jun/2026:21:24:08 +0530] 0:0:0:0:0:0:0:1 "POST /api/v1/products HTTP/1.1" 201 81192
[20/Jun/2026:21:24:08 +0530] 0:0:0:0:0:0:0:1 "GET /api/v1/products?page=0&size=20&sort=id,desc HTTP/1.1" 200 76067
[20/Jun/2026:21:24:09 +0530] 0:0:0:0:0:0:0:1 "POST /api/v1/products HTTP/1.1" 201 90179
[20/Jun/2026:21:24:09 +0530] 0:0:0:0:0:0:0:1 "GET /api/v1/products?page=0&size=20&sort=id,desc HTTP/1.1" 200 86054
[20/Jun/2026:21:24:09 +0530] 0:0:0:0:0:0:0:1 "POST /api/v1/products HTTP/1.1" 201 92482
[20/Jun/2026:21:24:09 +0530] 0:0:0:0:0:0:0:1 "GET /api/v1/products?page=0&size=20&sort=id,desc HTTP/1.1" 200 81899
[20/Jun/2026:21:24:09 +0530] 0:0:0:0:0:0:0:1 "POST /api/v1/products HTTP/1.1" 201 85700
[20/Jun/2026:21:24:09 +0530] 0:0:0:0:0:0:0:1 "GET /api/v1/products?page=0&size=20&sort=id,desc HTTP/1.1" 200 80735
[20/Jun/2026:21:24:09 +0530] 0:0:0:0:0:0:0:1 "POST /api/v1/products HTTP/1.1" 201 87623
[20/Jun/2026:21:24:09 +0530] 0:0:0:0:0:0:0:1 "GET /api/v1/products?page=0&size=20&sort=id,desc HTTP/1.1" 200 86303
[20/Jun/2026:21:24:09 +0530] 0:0:0:0:0:0:0:1 "POST /api/v1/products HTTP/1.1" 201 90377
[20/Jun/2026:21:24:09 +0530] 0:0:0:0:0:0:0:1 "GET /api/v1/products?page=0&size=20&sort=id,desc HTTP/1.1" 200 92233
[20/Jun/2026:21:24:09 +0530] 0:0:0:0:0:0:0:1 "POST /api/v1/products HTTP/1.1" 201 89735
[20/Jun/2026:21:24:09 +0530] 0:0:0:0:0:0:0:1 "GET /api/v1/products?page=0&size=20&sort=id,desc HTTP/1.1" 200 81477
[20/Jun/2026:21:24:10 +0530] 0:0:0:0:0:0:0:1 "POST /api/v1/products HTTP/1.1" 201 90802
[20/Jun/2026:21:24:10 +0530] 0:0:0:0:0:0:0:1 "GET /api/v1/products?page=0&size=20&sort=id,desc HTTP/1.1" 200 85927
[20/Jun/2026:21:24:10 +0530] 0:0:0:0:0:0:0:1 "POST /api/v1/products HTTP/1.1" 201 87918
[20/Jun/2026:21:24:10 +0530] 0:0:0:0:0:0:0:1 "GET /api/v1/products?page=0&size=20&sort=id,desc HTTP/1.1" 200 104039
[20/Jun/2026:21:24:10 +0530] 0:0:0:0:0:0:0:1 "POST /api/v1/products HTTP/1.1" 201 113702
[20/Jun/2026:21:24:10 +0530] 0:0:0:0:0:0:0:1 "GET /api/v1/products?page=0&size=20&sort=id,desc HTTP/1.1" 200 98478
[20/Jun/2026:21:24:10 +0530] 0:0:0:0:0:0:0:1 "POST /api/v1/products HTTP/1.1" 201 92719
[20/Jun/2026:21:24:10 +0530] 0:0:0:0:0:0:0:1 "GET /api/v1/products?page=0&size=20&sort=id,desc HTTP/1.1" 200 74722
[20/Jun/2026:21:24:10 +0530] 0:0:0:0:0:0:0:1 "POST /api/v1/products HTTP/1.1" 201 79214
[20/Jun/2026:21:24:10 +0530] 0:0:0:0:0:0:0:1 "GET /api/v1/products?page=0&size=20&sort=id,desc HTTP/1.1" 200 83298
[20/Jun/2026:21:24:10 +0530] 0:0:0:0:0:0:0:1 "POST /api/v1/products HTTP/1.1" 201 81964
[20/Jun/2026:21:24:10 +0530] 0:0:0:0:0:0:0:1 "GET /api/v1/products?page=0&size=20&sort=id,desc HTTP/1.1" 200 76803
[20/Jun/2026:21:24:10 +0530] 0:0:0:0:0:0:0:1 "POST /api/v1/products HTTP/1.1" 201 82716
[20/Jun/2026:21:24:11 +0530] 0:0:0:0:0:0:0:1 "GET /api/v1/products?page=0&size=20&sort=id,desc HTTP/1.1" 200 79735
[20/Jun/2026:21:24:18 +0530] 0:0:0:0:0:0:0:1 "POST /api/v1/products HTTP/1.1" 201 81190
[20/Jun/2026:21:24:18 +0530] 0:0:0:0:0:0:0:1 "GET /api/v1/products?page=0&size=20&sort=id,desc HTTP/1.1" 200 59897
[20/Jun/2026:21:24:19 +0530] 0:0:0:0:0:0:0:1 "POST /api/v1/products HTTP/1.1" 201 77612
[20/Jun/2026:21:24:20 +0530] 0:0:0:0:0:0:0:1 "GET /api/v1/products?page=0&size=20&sort=id,desc HTTP/1.1" 200 68159
[20/Jun/2026:21:24:37 +0530] 0:0:0:0:0:0:0:1 "GET /styles.css HTTP/1.1" 200 20909
[20/Jun/2026:21:24:42 +0530] 0:0:0:0:0:0:0:1 "POST /api/v1/products HTTP/1.1" 201 42398
[20/Jun/2026:21:24:42 +0530] 0:0:0:0:0:0:0:1 "GET /api/v1/products?page=0&size=20&sort=id,desc HTTP/1.1" 200 80153
[20/Jun/2026:21:26:57 +0530] 0:0:0:0:0:0:0:1 "POST /api/v1/auth/login HTTP/1.1" 200 428824
[20/Jun/2026:21:26:57 +0530] 0:0:0:0:0:0:0:1 "GET /api/v1/products?page=0&size=20&sort=id,desc HTTP/1.1" 200 71744
