
  .   ____          _            __ _ _
 /\\ / ___'_ __ _ _(_)_ __  __ _ \ \ \ \
( ( )\___ | '_ | '_| | '_ \/ _` | \ \ \ \
 \\/  ___)| |_)| | | | | || (_| |  ) ) ) )
  '  |____| .__|_| |_|_| |_\__, | / / / /
 =========|_|==============|___/=/_/_/_/

 :: Spring Boot ::                (v3.5.7)

2026-06-10T21:52:58.372+05:30  INFO 21836 --- [backend-api-development] [           main] c.e.backendapi.BackendApiApplication     : Starting BackendApiApplication v1.0.0 using Java 24 with PID 21836 (C:\Users\DELL\IdeaProjects\BackendAPIDevelopment\target\backend-api-development-1.0.0.jar started by DELL in C:\Users\DELL\IdeaProjects\BackendAPIDevelopment)
2026-06-10T21:52:58.378+05:30  INFO 21836 --- [backend-api-development] [           main] c.e.backendapi.BackendApiApplication     : No active profile set, falling back to 1 default profile: "default"
2026-06-10T21:53:01.206+05:30  INFO 21836 --- [backend-api-development] [           main] .s.d.r.c.RepositoryConfigurationDelegate : Bootstrapping Spring Data JPA repositories in DEFAULT mode.
2026-06-10T21:53:01.351+05:30  INFO 21836 --- [backend-api-development] [           main] .s.d.r.c.RepositoryConfigurationDelegate : Finished Spring Data repository scanning in 116 ms. Found 1 JPA repository interface.
2026-06-10T21:53:02.678+05:30  INFO 21836 --- [backend-api-development] [           main] o.s.b.w.embedded.tomcat.TomcatWebServer  : Tomcat initialized with port 8080 (http)
2026-06-10T21:53:02.748+05:30  INFO 21836 --- [backend-api-development] [           main] o.apache.catalina.core.StandardService   : Starting service [Tomcat]
2026-06-10T21:53:02.749+05:30  INFO 21836 --- [backend-api-development] [           main] o.apache.catalina.core.StandardEngine    : Starting Servlet engine: [Apache Tomcat/10.1.48]
2026-06-10T21:53:02.845+05:30  INFO 21836 --- [backend-api-development] [           main] o.a.c.c.C.[Tomcat].[localhost].[/]       : Initializing Spring embedded WebApplicationContext
2026-06-10T21:53:02.848+05:30  INFO 21836 --- [backend-api-development] [           main] w.s.c.ServletWebServerApplicationContext : Root WebApplicationContext: initialization completed in 4340 ms
2026-06-10T21:53:04.116+05:30  INFO 21836 --- [backend-api-development] [           main] com.zaxxer.hikari.HikariDataSource       : HikariPool-1 - Starting...
2026-06-10T21:53:06.253+05:30  INFO 21836 --- [backend-api-development] [           main] com.zaxxer.hikari.pool.HikariPool        : HikariPool-1 - Added connection com.mysql.cj.jdbc.ConnectionImpl@4601047
2026-06-10T21:53:06.261+05:30  INFO 21836 --- [backend-api-development] [           main] com.zaxxer.hikari.HikariDataSource       : HikariPool-1 - Start completed.
2026-06-10T21:53:06.668+05:30  INFO 21836 --- [backend-api-development] [           main] org.flywaydb.core.FlywayExecutor         : Database: jdbc:mysql://localhost:3306/crud_api?createDatabaseIfNotExist=true&useSSL=false&allowPublicKeyRetrieval=true&serverTimezone=UTC (MySQL 8.0)
2026-06-10T21:53:06.908+05:30  INFO 21836 --- [backend-api-development] [           main] o.f.c.i.s.JdbcTableSchemaHistory         : Schema history table `crud_api`.`flyway_schema_history` does not exist yet
2026-06-10T21:53:06.920+05:30  INFO 21836 --- [backend-api-development] [           main] o.f.core.internal.command.DbValidate     : Successfully validated 1 migration (execution time 00:00.093s)
2026-06-10T21:53:07.179+05:30  INFO 21836 --- [backend-api-development] [           main] o.f.c.i.s.JdbcTableSchemaHistory         : Creating Schema History table `crud_api`.`flyway_schema_history` ...
2026-06-10T21:53:07.590+05:30  INFO 21836 --- [backend-api-development] [           main] o.f.core.internal.command.DbMigrate      : Current version of schema `crud_api`: << Empty Schema >>
2026-06-10T21:53:07.616+05:30  INFO 21836 --- [backend-api-development] [           main] o.f.core.internal.command.DbMigrate      : Migrating schema `crud_api` to version "1 - create products table"
2026-06-10T21:53:07.838+05:30  INFO 21836 --- [backend-api-development] [           main] o.f.core.internal.command.DbMigrate      : Successfully applied 1 migration to schema `crud_api`, now at version v1 (execution time 00:00.142s)
2026-06-10T21:53:08.198+05:30  INFO 21836 --- [backend-api-development] [           main] o.hibernate.jpa.internal.util.LogHelper  : HHH000204: Processing PersistenceUnitInfo [name: default]
2026-06-10T21:53:08.447+05:30  INFO 21836 --- [backend-api-development] [           main] org.hibernate.Version                    : HHH000412: Hibernate ORM core version 6.6.33.Final
2026-06-10T21:53:08.564+05:30  INFO 21836 --- [backend-api-development] [           main] o.h.c.internal.RegionFactoryInitiator    : HHH000026: Second-level cache disabled
2026-06-10T21:53:09.695+05:30  INFO 21836 --- [backend-api-development] [           main] o.s.o.j.p.SpringPersistenceUnitInfo      : No LoadTimeWeaver setup: ignoring JPA class transformer
2026-06-10T21:53:10.034+05:30  INFO 21836 --- [backend-api-development] [           main] org.hibernate.orm.connections.pooling    : HHH10001005: Database info:
	Database JDBC URL [Connecting through datasource 'HikariDataSource (HikariPool-1)']
	Database driver: undefined/unknown
	Database version: 8.0.42
	Autocommit mode: undefined/unknown
	Isolation level: undefined/unknown
	Minimum pool size: undefined/unknown
	Maximum pool size: undefined/unknown
2026-06-10T21:53:13.797+05:30  INFO 21836 --- [backend-api-development] [           main] o.h.e.t.j.p.i.JtaPlatformInitiator       : HHH000489: No JTA platform available (set 'hibernate.transaction.jta.platform' to enable JTA platform integration)
2026-06-10T21:53:13.914+05:30  INFO 21836 --- [backend-api-development] [           main] j.LocalContainerEntityManagerFactoryBean : Initialized JPA EntityManagerFactory for persistence unit 'default'
2026-06-10T21:53:17.022+05:30  INFO 21836 --- [backend-api-development] [           main] o.s.b.a.e.web.EndpointLinksResolver      : Exposing 2 endpoints beneath base path '/actuator'
2026-06-10T21:53:17.395+05:30  INFO 21836 --- [backend-api-development] [           main] o.s.b.w.embedded.tomcat.TomcatWebServer  : Tomcat started on port 8080 (http) with context path '/'
2026-06-10T21:53:17.457+05:30  INFO 21836 --- [backend-api-development] [           main] c.e.backendapi.BackendApiApplication     : Started BackendApiApplication in 20.559 seconds (process running for 22.0)
